{"/Users/callanmorrison/workspace/node/02-CLI/GP-cal/lib/zellers.js":{"path":"/Users/callanmorrison/workspace/node/02-CLI/GP-cal/lib/zellers.js","s":{"1":1,"2":3,"3":3,"4":3,"5":1,"6":3,"7":3,"8":3,"9":1,"10":34242,"11":9434,"12":9434,"13":34242,"14":34242,"15":1},"b":{"1":[2,1],"2":[2,1],"3":[9434,24808]},"f":{},"fnMap":{},"statementMap":{"1":{"start":{"line":3,"column":0},"end":{"line":7,"column":1}},"2":{"start":{"line":4,"column":2},"end":{"line":4,"column":23}},"3":{"start":{"line":5,"column":2},"end":{"line":5,"column":41}},"4":{"start":{"line":6,"column":2},"end":{"line":6,"column":14}},"5":{"start":{"line":9,"column":0},"end":{"line":13,"column":1}},"6":{"start":{"line":10,"column":2},"end":{"line":10,"column":21}},"7":{"start":{"line":11,"column":2},"end":{"line":11,"column":37}},"8":{"start":{"line":12,"column":2},"end":{"line":12,"column":13}},"9":{"start":{"line":17,"column":0},"end":{"line":21,"column":1}},"10":{"start":{"line":18,"column":4},"end":{"line":18,"column":46}},"11":{"start":{"line":18,"column":21},"end":{"line":18,"column":33}},"12":{"start":{"line":18,"column":34},"end":{"line":18,"column":44}},"13":{"start":{"line":19,"column":4},"end":{"line":19,"column":140}},"14":{"start":{"line":20,"column":4},"end":{"line":20,"column":13}},"15":{"start":{"line":25,"column":0},"end":{"line":25,"column":60}}},"branchMap":{"1":{"line":5,"type":"cond-expr","locations":[{"start":{"line":5,"column":25},"end":{"line":5,"column":33}},{"start":{"line":5,"column":36},"end":{"line":5,"column":41}}]},"2":{"line":11,"type":"cond-expr","locations":[{"start":{"line":11,"column":24},"end":{"line":11,"column":30}},{"start":{"line":11,"column":33},"end":{"line":11,"column":37}}]},"3":{"line":18,"type":"if","locations":[{"start":{"line":18,"column":4},"end":{"line":18,"column":4}},{"start":{"line":18,"column":4},"end":{"line":18,"column":4}}]}}}}